`torch_dtype` is deprecated! Use `dtype` instead!
Loading checkpoint shards:   0%|          | 0/4 [00:00<?, ?it/s]Loading checkpoint shards:  25%|██▌       | 1/4 [00:01<00:04,  1.40s/it]Loading checkpoint shards:  50%|█████     | 2/4 [00:02<00:02,  1.44s/it]Loading checkpoint shards:  75%|███████▌  | 3/4 [00:04<00:01,  1.45s/it]Loading checkpoint shards: 100%|██████████| 4/4 [00:05<00:00,  1.30s/it]Loading checkpoint shards: 100%|██████████| 4/4 [00:05<00:00,  1.35s/it]
Some weights of Gemma2ForSequenceClassification were not initialized from the model checkpoint at google/gemma-2-9b-it and are newly initialized: ['score.weight']
You should probably TRAIN this model on a down-stream task to be able to use it for predictions and inference.
Traceback (most recent call last):
  File "/home/UG/ivansoji001/.local/lib/python3.9/site-packages/huggingface_hub/utils/_http.py", line 407, in hf_raise_for_status
    response.raise_for_status()
  File "/home/UG/ivansoji001/.local/lib/python3.9/site-packages/requests/models.py", line 1026, in raise_for_status
    raise HTTPError(http_error_msg, response=self)
requests.exceptions.HTTPError: 404 Client Error: Not Found for url: https://huggingface.co/model_save/avg_lora/resolve/main/adapter_config.json

The above exception was the direct cause of the following exception:

Traceback (most recent call last):
  File "/home/UG/ivansoji001/.local/lib/python3.9/site-packages/peft/config.py", line 262, in _get_peft_type
    config_file = hf_hub_download(
  File "/home/UG/ivansoji001/.local/lib/python3.9/site-packages/huggingface_hub/utils/_validators.py", line 114, in _inner_fn
    return fn(*args, **kwargs)
  File "/home/UG/ivansoji001/.local/lib/python3.9/site-packages/huggingface_hub/file_download.py", line 1010, in hf_hub_download
    return _hf_hub_download_to_cache_dir(
  File "/home/UG/ivansoji001/.local/lib/python3.9/site-packages/huggingface_hub/file_download.py", line 1117, in _hf_hub_download_to_cache_dir
    _raise_on_head_call_error(head_call_error, force_download, local_files_only)
  File "/home/UG/ivansoji001/.local/lib/python3.9/site-packages/huggingface_hub/file_download.py", line 1658, in _raise_on_head_call_error
    raise head_call_error
  File "/home/UG/ivansoji001/.local/lib/python3.9/site-packages/huggingface_hub/file_download.py", line 1546, in _get_metadata_or_catch_error
    metadata = get_hf_file_metadata(
  File "/home/UG/ivansoji001/.local/lib/python3.9/site-packages/huggingface_hub/utils/_validators.py", line 114, in _inner_fn
    return fn(*args, **kwargs)
  File "/home/UG/ivansoji001/.local/lib/python3.9/site-packages/huggingface_hub/file_download.py", line 1463, in get_hf_file_metadata
    r = _request_wrapper(
  File "/home/UG/ivansoji001/.local/lib/python3.9/site-packages/huggingface_hub/file_download.py", line 286, in _request_wrapper
    response = _request_wrapper(
  File "/home/UG/ivansoji001/.local/lib/python3.9/site-packages/huggingface_hub/file_download.py", line 310, in _request_wrapper
    hf_raise_for_status(response)
  File "/home/UG/ivansoji001/.local/lib/python3.9/site-packages/huggingface_hub/utils/_http.py", line 457, in hf_raise_for_status
    raise _format(RepositoryNotFoundError, message, response) from e
huggingface_hub.errors.RepositoryNotFoundError: 404 Client Error. (Request ID: Root=1-69119cf8-30939504467629830164b3d4;d4a20f69-1519-48bb-a055-a626b62084b7)

Repository Not Found for url: https://huggingface.co/model_save/avg_lora/resolve/main/adapter_config.json.
Please make sure you specified the correct `repo_id` and `repo_type`.
If you are trying to access a private or gated repo, make sure you are authenticated. For more details, see https://huggingface.co/docs/huggingface_hub/authentication

During handling of the above exception, another exception occurred:

Traceback (most recent call last):
  File "<stdin>", line 57, in <module>
  File "/home/UG/ivansoji001/.local/lib/python3.9/site-packages/peft/peft_model.py", line 440, in from_pretrained
    PeftConfig._get_peft_type(
  File "/home/UG/ivansoji001/.local/lib/python3.9/site-packages/peft/config.py", line 268, in _get_peft_type
    raise ValueError(f"Can't find '{CONFIG_NAME}' at '{model_id}'")
ValueError: Can't find 'adapter_config.json' at 'model_save/avg_lora'
